android_app/build/outputs/mapping/release/seeds.txt
androidx.fragment.app.Fragment$6
androidx.appcompat.widget.AlertDialogLayout
androidx.emoji2.text.EmojiCompatInitializer
androidx.appcompat.widget.Toolbar
com.google.androidbrowserhelper.trusted.NotificationPermissionRequestActivity
androidx.lifecycle.LiveData$LifecycleBoundObserver
androidx.activity.OnBackPressedDispatcher$LifecycleOnBackPressedCancellable
androidx.lifecycle.ProcessLifecycleInitializer
androidx.startup.InitializationProvider
androidx.profileinstaller.ProfileInstallReceiver
androidx.appcompat.widget.ButtonBarLayout
androidx.core.app.CoreComponentFactory
androidx.appcompat.widget.FitWindowsLinearLayout
androidx.core.app.RemoteActionCompatParcelizer
androidx.core.app.RemoteActionCompat
androidx.lifecycle.ProcessLifecycleOwner$attach$1$onActivityPreCreated$1: androidx.lifecycle.ProcessLifecycleOwner this$0
androidx.lifecycle.ReportFragment$LifecycleCallbacks: androidx.lifecycle.ReportFragment$LifecycleCallbacks$Companion Companion
androidx.concurrent.futures.AbstractResolvableFuture$Waiter: androidx.concurrent.futures.AbstractResolvableFuture$Waiter next
androidx.core.widget.NestedScrollView$SavedState: android.os.Parcelable$Creator CREATOR
androidx.lifecycle.ProcessLifecycleOwner$attach$1: androidx.lifecycle.ProcessLifecycleOwner this$0
androidx.lifecycle.Lifecycle$Event: androidx.lifecycle.Lifecycle$Event ON_DESTROY
androidx.lifecycle.Lifecycle$Event: androidx.lifecycle.Lifecycle$Event ON_RESUME
androidx.lifecycle.Lifecycle$Event: androidx.lifecycle.Lifecycle$Event$Companion Companion
androidx.concurrent.futures.AbstractResolvableFuture$Waiter: java.lang.Thread thread
androidx.lifecycle.Lifecycle$Event: androidx.lifecycle.Lifecycle$Event ON_STOP
androidx.concurrent.futures.AbstractResolvableFuture: java.lang.Object value
androidx.concurrent.futures.AbstractResolvableFuture: androidx.concurrent.futures.AbstractResolvableFuture$Listener listeners
androidx.customview.view.AbsSavedState: android.os.Parcelable$Creator CREATOR
androidx.lifecycle.Lifecycle$Event: androidx.lifecycle.Lifecycle$Event ON_PAUSE
androidx.versionedparcelable.ParcelImpl: android.os.Parcelable$Creator CREATOR
androidx.lifecycle.Lifecycle$Event: androidx.lifecycle.Lifecycle$Event[] $VALUES
androidx.lifecycle.Lifecycle$Event: androidx.lifecycle.Lifecycle$Event ON_START
androidx.lifecycle.Lifecycle$Event: androidx.lifecycle.Lifecycle$Event ON_CREATE
androidx.concurrent.futures.AbstractResolvableFuture: androidx.concurrent.futures.AbstractResolvableFuture$Waiter waiters
androidx.lifecycle.Lifecycle$Event: androidx.lifecycle.Lifecycle$Event ON_ANY
androidx.appcompat.widget.Toolbar$SavedState: android.os.Parcelable$Creator CREATOR
androidx.appcompat.widget.AppCompatImageButton: void setImageBitmap(android.graphics.Bitmap)
androidx.appcompat.view.menu.ActionMenuItemView: void setIcon(android.graphics.drawable.Drawable)
androidx.lifecycle.ReportFragment$LifecycleCallbacks: void onActivityStopped(android.app.Activity)
androidx.appcompat.widget.Toolbar: int getCurrentContentInsetRight()
androidx.appcompat.widget.ActionBarContextView: void setSubtitle(java.lang.CharSequence)
androidx.appcompat.widget.Toolbar: android.widget.TextView getSubtitleTextView()
androidx.vectordrawable.graphics.drawable.VectorDrawableCompat$VFullPath: void setStrokeColor(int)
androidx.appcompat.widget.ContentFrameLayout: android.util.TypedValue getMinWidthMinor()
androidx.core.app.NotificationManagerCompat$Api26Impl: void createNotificationChannel(android.app.NotificationManager,android.app.NotificationChannel)
androidx.appcompat.widget.ActionBarContainer: void setTabContainer(androidx.appcompat.widget.ScrollingTabContainerView)
androidx.core.widget.ImageViewCompat$Api21Impl: android.graphics.PorterDuff$Mode getImageTintMode(android.widget.ImageView)
androidx.core.widget.NestedScrollView: int getMaxScrollAmount()